1587455565933	mozrunner::runner	INFO	Running command: "C:\\Program Files\\Mozilla Firefox\\firefox.exe" "-marionette" "-foreground" "-no-remote" "-profile" "C:\\Users\\EDZ\\AppData\\Local\\Temp\\rust_mozprofile.dQapQWcaijc5"
1587455568262	addons.webextension.doh-rollout@mozilla.org	WARN	Loading extension 'doh-rollout@mozilla.org': Reading manifest: Invalid extension permission: networkStatus
1587455569694	addons.webextension.screenshots@mozilla.org	WARN	Loading extension 'screenshots@mozilla.org': Reading manifest: Invalid extension permission: mozillaAddons
1587455569694	addons.webextension.screenshots@mozilla.org	WARN	Loading extension 'screenshots@mozilla.org': Reading manifest: Invalid extension permission: telemetry
1587455569695	addons.webextension.screenshots@mozilla.org	WARN	Loading extension 'screenshots@mozilla.org': Reading manifest: Invalid extension permission: resource://pdf.js/
1587455569695	addons.webextension.screenshots@mozilla.org	WARN	Loading extension 'screenshots@mozilla.org': Reading manifest: Invalid extension permission: about:reader*
JavaScript error: resource://gre/modules/XULStore.jsm, line 66: Error: Can't find profile directory.
1587455575041	Marionette	INFO	Listening on port 36530
1587455575223	Marionette	WARN	TLS certificate errors will be ignored for this session
console.warn: LoginRecipes: "getRecipes: falling back to a synchronous message for:" "http://192.168.47.128:8080"
JavaScript warning: http://192.168.47.128:8080/WoniuBoss2.5/js/moment-with-locales.min.js, line 1: unreachable code after return statement
JavaScript warning: http://192.168.47.128:8080/WoniuBoss2.5/resource, line 2728: unreachable code after return statement
JavaScript warning: http://192.168.47.128:8080/WoniuBoss2.5/js/moment-with-locales.min.js, line 1: unreachable code after return statement
JavaScript warning: http://192.168.47.128:8080/WoniuBoss2.5/resource, line 2728: unreachable code after return statement
JavaScript warning: http://192.168.47.128:8080/WoniuBoss2.5/js/moment-with-locales.min.js, line 1: unreachable code after return statement
JavaScript warning: http://192.168.47.128:8080/WoniuBoss2.5/resource, line 2728: unreachable code after return statement
[Parent 28600, Gecko_IOThread] WARNING: file Z:/task_1585933993/build/src/ipc/chromium/src/base/process_util_win.cc, line 166
1587456718545	Marionette	INFO	Stopped listening on port 36530
1587456941471	mozrunner::runner	INFO	Running command: "C:\\Program Files\\Mozilla Firefox\\firefox.exe" "-marionette" "-foreground" "-no-remote" "-profile" "C:\\Users\\EDZ\\AppData\\Local\\Temp\\rust_mozprofile.HlZSrSqAjWMa"
1587456944512	addons.webextension.doh-rollout@mozilla.org	WARN	Loading extension 'doh-rollout@mozilla.org': Reading manifest: Invalid extension permission: networkStatus
1587456945368	addons.webextension.screenshots@mozilla.org	WARN	Loading extension 'screenshots@mozilla.org': Reading manifest: Invalid extension permission: mozillaAddons
1587456945369	addons.webextension.screenshots@mozilla.org	WARN	Loading extension 'screenshots@mozilla.org': Reading manifest: Invalid extension permission: telemetry
1587456945369	addons.webextension.screenshots@mozilla.org	WARN	Loading extension 'screenshots@mozilla.org': Reading manifest: Invalid extension permission: resource://pdf.js/
1587456945369	addons.webextension.screenshots@mozilla.org	WARN	Loading extension 'screenshots@mozilla.org': Reading manifest: Invalid extension permission: about:reader*
JavaScript error: resource://gre/modules/XULStore.jsm, line 66: Error: Can't find profile directory.
1587456951697	Marionette	INFO	Listening on port 38776
1587456951789	Marionette	WARN	TLS certificate errors will be ignored for this session
[Parent 32664, Gecko_IOThread] WARNING: file Z:/task_1585933993/build/src/ipc/chromium/src/base/process_util_win.cc, line 166
[Parent 32664, Gecko_IOThread] WARNING: file Z:/task_1585933993/build/src/ipc/chromium/src/base/process_util_win.cc, line 166
1587457043605	Marionette	INFO	Stopped listening on port 38776

###!!! [Child][MessageChannel::SendAndWait] Error: (msgtype=0x5D0005,name=PImageBridge::Msg_WillClose) Channel error: cannot send/recv

1587458829030	mozrunner::runner	INFO	Running command: "C:\\Program Files\\Mozilla Firefox\\firefox.exe" "-marionette" "-foreground" "-no-remote" "-profile" "C:\\Users\\EDZ\\AppData\\Local\\Temp\\rust_mozprofile.Byzfz4pBQLDa"
1587458832260	addons.webextension.doh-rollout@mozilla.org	WARN	Loading extension 'doh-rollout@mozilla.org': Reading manifest: Invalid extension permission: networkStatus
1587458833158	addons.webextension.screenshots@mozilla.org	WARN	Loading extension 'screenshots@mozilla.org': Reading manifest: Invalid extension permission: mozillaAddons
1587458833158	addons.webextension.screenshots@mozilla.org	WARN	Loading extension 'screenshots@mozilla.org': Reading manifest: Invalid extension permission: telemetry
1587458833158	addons.webextension.screenshots@mozilla.org	WARN	Loading extension 'screenshots@mozilla.org': Reading manifest: Invalid extension permission: resource://pdf.js/
1587458833158	addons.webextension.screenshots@mozilla.org	WARN	Loading extension 'screenshots@mozilla.org': Reading manifest: Invalid extension permission: about:reader*
JavaScript error: resource://gre/modules/XULStore.jsm, line 66: Error: Can't find profile directory.
1587458838447	Marionette	INFO	Listening on port 40886
1587458838934	Marionette	WARN	TLS certificate errors will be ignored for this session
1587459061513	Marionette	INFO	Stopped listening on port 40886

###!!! [Child][MessageChannel::SendAndWait] Error: Channel error: cannot send/recv

ile" "C:\\Users\\EDZ\\AppData\\Local\\Temp\\rust_mozprofile.qxTJnS0HpTKl"
1587459063331	addons.webextension.doh-rollout@mozilla.org	WARN	Loading extension 'doh-rollout@mozilla.org': Reading manifest: Invalid extension permission: networkStatus
1587459064025	addons.webextension.screenshots@mozilla.org	WARN	Loading extension 'screenshots@mozilla.org': Reading manifest: Invalid extension permission: mozillaAddons
1587459064025	addons.webextension.screenshots@mozilla.org	WARN	Loading extension 'screenshots@mozilla.org': Reading manifest: Invalid extension permission: telemetry
1587459064026	addons.webextension.screenshots@mozilla.org	WARN	Loading extension 'screenshots@mozilla.org': Reading manifest: Invalid extension permission: resource://pdf.js/
1587459064026	addons.webextension.screenshots@mozilla.org	WARN	Loading extension 'screenshots@mozilla.org': Reading manifest: Invalid extension permission: about:reader*
JavaScript error: resource://gre/modules/XULStore.jsm, line 66: Error: Can't find profile directory.
1587459067569	Marionette	INFO	Listening on port 41242
1587459067963	Marionette	WARN	TLS certificate errors will be ignored for this session
1587459086714	Marionette	INFO	Stopped listening on port 41242

###!!! [Child][RunMessage] Error: Channel closing: too late to send/recv, messages will be lost

1587459112526	mozrunner::runner	INFO	Running command: "C:\\Program Files\\Mozilla Firefox\\firefox.exe" "-marionette" "-foreground" "-no-remote" "-profile" "C:\\Users\\EDZ\\AppData\\Local\\Temp\\rust_mozprofile.3Fx6UcvnJAwE"
1587459113483	addons.webextension.doh-rollout@mozilla.org	WARN	Loading extension 'doh-rollout@mozilla.org': Reading manifest: Invalid extension permission: networkStatus
1587459114189	addons.webextension.screenshots@mozilla.org	WARN	Loading extension 'screenshots@mozilla.org': Reading manifest: Invalid extension permission: mozillaAddons
1587459114189	addons.webextension.screenshots@mozilla.org	WARN	Loading extension 'screenshots@mozilla.org': Reading manifest: Invalid extension permission: telemetry
1587459114189	addons.webextension.screenshots@mozilla.org	WARN	Loading extension 'screenshots@mozilla.org': Reading manifest: Invalid extension permission: resource://pdf.js/
1587459114190	addons.webextension.screenshots@mozilla.org	WARN	Loading extension 'screenshots@mozilla.org': Reading manifest: Invalid extension permission: about:reader*
JavaScript error: resource://gre/modules/XULStore.jsm, line 66: Error: Can't find profile directory.
[Child 32168, Chrome_ChildThread] WARNING: pipe error: 232: file Z:/task_1585933993/build/src/ipc/chromium/src/chrome/common/ipc_channel_win.cc, line 514
1587459117353	Marionette	INFO	Listening on port 41357
1587459117627	Marionette	WARN	TLS certificate errors will be ignored for this session
JavaScript warning: http://192.168.47.128:8080/WoniuBoss2.5/js/moment-with-locales.min.js, line 1: unreachable code after return statement
JavaScript warning: http://192.168.47.128:8080/WoniuBoss2.5/, line 2728: unreachable code after return statement
JavaScript warning: resource://devtools/client/shared/demangle.js, line 0: Successfully compiled asm.js code (total compilation time 176ms)
JavaScript warning: http://192.168.47.128:8080/WoniuBoss2.5/js/moment-with-locales.min.js, line 1: unreachable code after return statement
JavaScript warning: http://192.168.47.128:8080/WoniuBoss2.5/, line 2728: unreachable code after return statement

###!!! [Child][RunMessage] Error: Channel closing: too late to send/recv, messages will be lost

1587525413094	Marionette	INFO	Stopped listening on port 41357
Addons
1587461994761	addons.webextension.screenshots@mozilla.org	WARN	Loading extension 'screenshots@mozilla.org': Reading manifest: Invalid extension permission: telemetry
1587461994761	addons.webextension.screenshots@mozilla.org	WARN	Loading extension 'screenshots@mozilla.org': Reading manifest: Invalid extension permission: resource://pdf.js/
1587461994761	addons.webextension.screenshots@mozilla.org	WARN	Loading extension 'screenshots@mozilla.org': Reading manifest: Invalid extension permission: about:reader*
JavaScript error: resource://gre/modules/XULStore.jsm, line 66: Error: Can't find profile directory.
1587461998285	Marionette	INFO	Listening on port 44866
1587461998770	Marionette	WARN	TLS certificate errors will be ignored for this session
JavaScript warning: http://192.168.47.128:8080/WoniuBoss2.5/js/moment-with-locales.min.js, line 1: unreachable code after return statement
JavaScript warning: http://192.168.47.128:8080/WoniuBoss2.5/, line 2728: unreachable code after return statement
1587462006111	Marionette	INFO	Stopped listening on port 44866

###!!! [Child][RunMessage] Error: Channel closing: too late to send/recv, messages will be lost

