1587219817777	mozrunner::runner	INFO	Running command: "H:\\火狐浏览器\\firefox.exe" "-marionette" "-foreground" "-no-remote" "-profile" "C:\\Users\\ADMINI~1\\AppData\\Local\\Temp\\rust_mozprofile.twfDGXXY2OcU"
1587219820448	addons.webextension.doh-rollout@mozilla.org	WARN	Loading extension 'doh-rollout@mozilla.org': Reading manifest: Invalid extension permission: networkStatus
1587219820696	addons.webextension.screenshots@mozilla.org	WARN	Loading extension 'screenshots@mozilla.org': Reading manifest: Invalid extension permission: mozillaAddons
1587219820696	addons.webextension.screenshots@mozilla.org	WARN	Loading extension 'screenshots@mozilla.org': Reading manifest: Invalid extension permission: telemetry
1587219820696	addons.webextension.screenshots@mozilla.org	WARN	Loading extension 'screenshots@mozilla.org': Reading manifest: Invalid extension permission: resource://pdf.js/
1587219820696	addons.webextension.screenshots@mozilla.org	WARN	Loading extension 'screenshots@mozilla.org': Reading manifest: Invalid extension permission: about:reader*
JavaScript error: resource://gre/modules/XULStore.jsm, line 66: Error: Can't find profile directory.
1587219827155	Marionette	INFO	Listening on port 49142
1587219827699	Marionette	WARN	TLS certificate errors will be ignored for this session
1587219923071	Marionette	INFO	Stopped listening on port 49142

###!!! [Child][RunMessage] Error: Channel closing: too late to send/recv, messages will be lost


###!!! [Child][MessageChannel::SendAndWait] Error: Channel error: cannot send/recv

1587219987347	mozrunner::runner	INFO	Running command: "H:\\火狐浏览器\\firefox.exe" "-marionette" "-foreground" "-no-remote" "-profile" "C:\\Users\\ADMINI~1\\AppData\\Local\\Temp\\rust_mozprofile.PuuRtlYEVCfY"
1587219988227	addons.webextension.doh-rollout@mozilla.org	WARN	Loading extension 'doh-rollout@mozilla.org': Reading manifest: Invalid extension permission: networkStatus
1587219988333	addons.webextension.screenshots@mozilla.org	WARN	Loading extension 'screenshots@mozilla.org': Reading manifest: Invalid extension permission: mozillaAddons
1587219988333	addons.webextension.screenshots@mozilla.org	WARN	Loading extension 'screenshots@mozilla.org': Reading manifest: Invalid extension permission: telemetry
1587219988333	addons.webextension.screenshots@mozilla.org	WARN	Loading extension 'screenshots@mozilla.org': Reading manifest: Invalid extension permission: resource://pdf.js/
1587219988333	addons.webextension.screenshots@mozilla.org	WARN	Loading extension 'screenshots@mozilla.org': Reading manifest: Invalid extension permission: about:reader*
JavaScript error: resource://gre/modules/XULStore.jsm, line 66: Error: Can't find profile directory.
1587219990746	Marionette	INFO	Listening on port 49238
1587219991184	Marionette	WARN	TLS certificate errors will be ignored for this session
[Parent 440, Gecko_IOThread] WARNING: file z:/task_1579288126/build/src/ipc/chromium/src/base/process_util_win.cc, line 160
[Parent 440, Gecko_IOThread] WARNING: file z:/task_1579288126/build/src/ipc/chromium/src/base/process_util_win.cc, line 160
1587220025292	Marionette	INFO	Stopped listening on port 49238

###!!! [Child][RunMessage] Error: Channel closing: too late to send/recv, messages will be lost

1587220031938	mozrunner::runner	INFO	Running command: "H:\\火狐浏览器\\firefox.exe" "-marionette" "-foreground" "-no-remote" "-profile" "C:\\Users\\ADMINI~1\\AppData\\Local\\Temp\\rust_mozprofile.wvmDXGZukL0d"
1587220034207	addons.webextension.doh-rollout@mozilla.org	WARN	Loading extension 'doh-rollout@mozilla.org': Reading manifest: Invalid extension permission: networkStatus
1587220034369	addons.webextension.screenshots@mozilla.org	WARN	Loading extension 'screenshots@mozilla.org': Reading manifest: Invalid extension permission: mozillaAddons
1587220034369	addons.webextension.screenshots@mozilla.org	WARN	Loading extension 'screenshots@mozilla.org': Reading manifest: Invalid extension permission: telemetry
1587220034370	addons.webextension.screenshots@mozilla.org	WARN	Loading extension 'screenshots@mozilla.org': Reading manifest: Invalid extension permission: resource://pdf.js/
1587220034370	addons.webextension.screenshots@mozilla.org	WARN	Loading extension 'screenshots@mozilla.org': Reading manifest: Invalid extension permission: about:reader*
JavaScript error: resource://gre/modules/XULStore.jsm, line 66: Error: Can't find profile directory.
1587220036661	Marionette	INFO	Listening on port 49293
1587220036967	Marionette	WARN	TLS certificate errors will be ignored for this session
1587220096212	mozrunner::runner	INFO	Running command: "H:\\火狐浏览器\\firefox.exe" "-marionette" "-foreground" "-no-remote" "-profile" "C:\\Users\\ADMINI~1\\AppData\\Local\\Temp\\rust_mozprofile.9MqFHnEwRYJg"
1587220097309	addons.webextension.doh-rollout@mozilla.org	WARN	Loading extension 'doh-rollout@mozilla.org': Reading manifest: Invalid extension permission: networkStatus
1587220097437	addons.webextension.screenshots@mozilla.org	WARN	Loading extension 'screenshots@mozilla.org': Reading manifest: Invalid extension permission: mozillaAddons
1587220097437	addons.webextension.screenshots@mozilla.org	WARN	Loading extension 'screenshots@mozilla.org': Reading manifest: Invalid extension permission: telemetry
1587220097437	addons.webextension.screenshots@mozilla.org	WARN	Loading extension 'screenshots@mozilla.org': Reading manifest: Invalid extension permission: resource://pdf.js/
1587220097438	addons.webextension.screenshots@mozilla.org	WARN	Loading extension 'screenshots@mozilla.org': Reading manifest: Invalid extension permission: about:reader*
JavaScript error: resource://gre/modules/XULStore.jsm, line 66: Error: Can't find profile directory.
1587220099766	Marionette	INFO	Listening on port 49346
1587220100062	Marionette	WARN	TLS certificate errors will be ignored for this session
1587220155276	Marionette	INFO	Stopped listening on port 49346

###!!! [Child][RunMessage] Error: Channel closing: too late to send/recv, messages will be lost


###!!! [Child][MessageChannel::SendAndWait] Error: Channel error: cannot send/recv

1587220754500	mozrunner::runner	INFO	Running command: "H:\\火狐浏览器\\firefox.exe" "-marionette" "-foreground" "-no-remote" "-profile" "C:\\Users\\ADMINI~1\\AppData\\Local\\Temp\\rust_mozprofile.vwfXvscH3ssM"
1587220756863	addons.webextension.doh-rollout@mozilla.org	WARN	Loading extension 'doh-rollout@mozilla.org': Reading manifest: Invalid extension permission: networkStatus
1587220757020	addons.webextension.screenshots@mozilla.org	WARN	Loading extension 'screenshots@mozilla.org': Reading manifest: Invalid extension permission: mozillaAddons
1587220757020	addons.webextension.screenshots@mozilla.org	WARN	Loading extension 'screenshots@mozilla.org': Reading manifest: Invalid extension permission: telemetry
1587220757020	addons.webextension.screenshots@mozilla.org	WARN	Loading extension 'screenshots@mozilla.org': Reading manifest: Invalid extension permission: resource://pdf.js/
1587220757020	addons.webextension.screenshots@mozilla.org	WARN	Loading extension 'screenshots@mozilla.org': Reading manifest: Invalid extension permission: about:reader*
JavaScript error: resource://gre/modules/XULStore.jsm, line 66: Error: Can't find profile directory.
[Parent 10196, Gecko_IOThread] WARNING: file z:/task_1579288126/build/src/ipc/chromium/src/base/process_util_win.cc, line 160
1587220768405	Marionette	INFO	Listening on port 49667
1587220768861	Marionette	WARN	TLS certificate errors will be ignored for this session
1587220771022	Marionette	WARN	TimedPromise timed out after 500 ms: stacktrace:
bail@chrome://marionette/content/sync.js:237:64
1587220874941	Marionette	INFO	Stopped listening on port 49667

###!!! [Child][RunMessage] Error: Channel closing: too late to send/recv, messages will be lost

1587220879009	mozrunner::runner	INFO	Running command: "H:\\火狐浏览器\\firefox.exe" "-marionette" "-foreground" "-no-remote" "-profile" "C:\\Users\\ADMINI~1\\AppData\\Local\\Temp\\rust_mozprofile.PMwIH6UOcxl3"
1587220881593	addons.webextension.doh-rollout@mozilla.org	WARN	Loading extension 'doh-rollout@mozilla.org': Reading manifest: Invalid extension permission: networkStatus
1587220881752	addons.webextension.screenshots@mozilla.org	WARN	Loading extension 'screenshots@mozilla.org': Reading manifest: Invalid extension permission: mozillaAddons
1587220881752	addons.webextension.screenshots@mozilla.org	WARN	Loading extension 'screenshots@mozilla.org': Reading manifest: Invalid extension permission: telemetry
1587220881753	addons.webextension.screenshots@mozilla.org	WARN	Loading extension 'screenshots@mozilla.org': Reading manifest: Invalid extension permission: resource://pdf.js/
1587220881753	addons.webextension.screenshots@mozilla.org	WARN	Loading extension 'screenshots@mozilla.org': Reading manifest: Invalid extension permission: about:reader*
JavaScript error: resource://gre/modules/XULStore.jsm, line 66: Error: Can't find profile directory.
1587220884254	Marionette	INFO	Listening on port 49752
1587220884551	Marionette	WARN	TLS certificate errors will be ignored for this session
1587220913327	Marionette	INFO	Stopped listening on port 49752

###!!! [Child][RunMessage] Error: Channel closing: too late to send/recv, messages will be lost


###!!! [Child][MessageChannel::SendAndWait] Error: Channel error: cannot send/recv

1587220918180	mozrunner::runner	INFO	Running command: "H:\\火狐浏览器\\firefox.exe" "-marionette" "-foreground" "-no-remote" "-profile" "C:\\Users\\ADMINI~1\\AppData\\Local\\Temp\\rust_mozprofile.J8tbRzIhrgf4"
1587220919461	addons.webextension.doh-rollout@mozilla.org	WARN	Loading extension 'doh-rollout@mozilla.org': Reading manifest: Invalid extension permission: networkStatus
1587220919584	addons.webextension.screenshots@mozilla.org	WARN	Loading extension 'screenshots@mozilla.org': Reading manifest: Invalid extension permission: mozillaAddons
1587220919584	addons.webextension.screenshots@mozilla.org	WARN	Loading extension 'screenshots@mozilla.org': Reading manifest: Invalid extension permission: telemetry
1587220919584	addons.webextension.screenshots@mozilla.org	WARN	Loading extension 'screenshots@mozilla.org': Reading manifest: Invalid extension permission: resource://pdf.js/
1587220919584	addons.webextension.screenshots@mozilla.org	WARN	Loading extension 'screenshots@mozilla.org': Reading manifest: Invalid extension permission: about:reader*
JavaScript error: resource://gre/modules/XULStore.jsm, line 66: Error: Can't find profile directory.
1587220921645	Marionette	INFO	Listening on port 49802
1587220922093	Marionette	WARN	TLS certificate errors will be ignored for this session
1587220976049	Marionette	INFO	Stopped listening on port 49802

###!!! [Child][RunMessage] Error: Channel closing: too late to send/recv, messages will be lost


###!!! [Child][MessageChannel::SendAndWait] Error: Channel error: cannot send/recv

-rollout@mozilla.org	WARN	Loading extension 'doh-rollout@mozilla.org': Reading manifest: Invalid extension permission: networkStatus
1587220976104	addons.webextension.screenshots@mozilla.org	WARN	Loading extension 'screenshots@mozilla.org': Reading manifest: Invalid extension permission: mozillaAddons
1587220976104	addons.webextension.screenshots@mozilla.org	WARN	Loading extension 'screenshots@mozilla.org': Reading manifest: Invalid extension permission: telemetry
1587220976105	addons.webextension.screenshots@mozilla.org	WARN	Loading extension 'screenshots@mozilla.org': Reading manifest: Invalid extension permission: resource://pdf.js/
1587220976105	addons.webextension.screenshots@mozilla.org	WARN	Loading extension 'screenshots@mozilla.org': Reading manifest: Invalid extension permission: about:reader*
JavaScript error: resource://gre/modules/XULStore.jsm, line 66: Error: Can't find profile directory.
1587220978554	Marionette	INFO	Listening on port 49849
1587220978772	Marionette	WARN	TLS certificate errors will be ignored for this session
1587221005605	Marionette	INFO	Stopped listening on port 49849

###!!! [Child][RunMessage] Error: Channel closing: too late to send/recv, messages will be lost


###!!! [Child][MessageChannel::SendAndWait] Error: Channel error: cannot send/recv

1587221011067	mozrunner::runner	INFO	Running command: "H:\\火狐浏览器\\firefox.exe" "-marionette" "-foreground" "-no-remote" "-profile" "C:\\Users\\ADMINI~1\\AppData\\Local\\Temp\\rust_mozprofile.FoW8wNh83PrO"
1587221012465	addons.webextension.doh-rollout@mozilla.org	WARN	Loading extension 'doh-rollout@mozilla.org': Reading manifest: Invalid extension permission: networkStatus
1587221012609	addons.webextension.screenshots@mozilla.org	WARN	Loading extension 'screenshots@mozilla.org': Reading manifest: Invalid extension permission: mozillaAddons
1587221012609	addons.webextension.screenshots@mozilla.org	WARN	Loading extension 'screenshots@mozilla.org': Reading manifest: Invalid extension permission: telemetry
1587221012609	addons.webextension.screenshots@mozilla.org	WARN	Loading extension 'screenshots@mozilla.org': Reading manifest: Invalid extension permission: resource://pdf.js/
1587221012610	addons.webextension.screenshots@mozilla.org	WARN	Loading extension 'screenshots@mozilla.org': Reading manifest: Invalid extension permission: about:reader*
JavaScript error: resource://gre/modules/XULStore.jsm, line 66: Error: Can't find profile directory.
1587221014793	Marionette	INFO	Listening on port 49904
1587221014921	Marionette	WARN	TLS certificate errors will be ignored for this session
1587221053562	Marionette	INFO	Stopped listening on port 49904

###!!! [Child][RunMessage] Error: Channel closing: too late to send/recv, messages will be lost


###!!! [Child][MessageChannel::SendAndWait] Error: Channel error: cannot send/recv

